This is pdfTeX, Version 3.14159265-2.6-1.40.16 (TeX Live 2015) (preloaded format=pdflatex 2016.4.22)  28 AUG 2022 15:59
entering extended mode
 restricted \write18 enabled.
 %&-line parsing enabled.
**BibliographyNotebook.tex
(./BibliographyNotebook.tex
LaTeX2e <2015/01/01>
Babel <3.9l> and hyphenation patterns for 79 languages loaded.
(/usr/local/texlive/2015/texmf-dist/tex/latex/base/article.cls
Document Class: article 2014/09/29 v1.4h Standard LaTeX document class
(/usr/local/texlive/2015/texmf-dist/tex/latex/base/size12.clo
File: size12.clo 2014/09/29 v1.4h Standard LaTeX file (size option)
)
\c@part=\count79
\c@section=\count80
\c@subsection=\count81
\c@subsubsection=\count82
\c@paragraph=\count83
\c@subparagraph=\count84
\c@figure=\count85
\c@table=\count86
\abovecaptionskip=\skip41
\belowcaptionskip=\skip42
\bibindent=\dimen102
)
(/usr/local/texlive/2015/texmf-dist/tex/latex/base/inputenc.sty
Package: inputenc 2015/03/17 v1.2c Input encoding file
\inpenc@prehook=\toks14
\inpenc@posthook=\toks15

(/usr/local/texlive/2015/texmf-dist/tex/latex/base/utf8.def
File: utf8.def 2014/09/29 v1.1m UTF-8 support for inputenc
Now handling font encoding OML ...
... no UTF-8 mapping file for font encoding OML
Now handling font encoding T1 ...
... processing UTF-8 mapping file for font encoding T1

(/usr/local/texlive/2015/texmf-dist/tex/latex/base/t1enc.dfu
File: t1enc.dfu 2014/09/29 v1.1m UTF-8 support for inputenc
   defining Unicode char U+00A1 (decimal 161)
   defining Unicode char U+00A3 (decimal 163)
   defining Unicode char U+00AB (decimal 171)
   defining Unicode char U+00BB (decimal 187)
   defining Unicode char U+00BF (decimal 191)
   defining Unicode char U+00C0 (decimal 192)
   defining Unicode char U+00C1 (decimal 193)
   defining Unicode char U+00C2 (decimal 194)
   defining Unicode char U+00C3 (decimal 195)
   defining Unicode char U+00C4 (decimal 196)
   defining Unicode char U+00C5 (decimal 197)
   defining Unicode char U+00C6 (decimal 198)
   defining Unicode char U+00C7 (decimal 199)
   defining Unicode char U+00C8 (decimal 200)
   defining Unicode char U+00C9 (decimal 201)
   defining Unicode char U+00CA (decimal 202)
   defining Unicode char U+00CB (decimal 203)
   defining Unicode char U+00CC (decimal 204)
   defining Unicode char U+00CD (decimal 205)
   defining Unicode char U+00CE (decimal 206)
   defining Unicode char U+00CF (decimal 207)
   defining Unicode char U+00D0 (decimal 208)
   defining Unicode char U+00D1 (decimal 209)
   defining Unicode char U+00D2 (decimal 210)
   defining Unicode char U+00D3 (decimal 211)
   defining Unicode char U+00D4 (decimal 212)
   defining Unicode char U+00D5 (decimal 213)
   defining Unicode char U+00D6 (decimal 214)
   defining Unicode char U+00D8 (decimal 216)
   defining Unicode char U+00D9 (decimal 217)
   defining Unicode char U+00DA (decimal 218)
   defining Unicode char U+00DB (decimal 219)
   defining Unicode char U+00DC (decimal 220)
   defining Unicode char U+00DD (decimal 221)
   defining Unicode char U+00DE (decimal 222)
   defining Unicode char U+00DF (decimal 223)
   defining Unicode char U+00E0 (decimal 224)
   defining Unicode char U+00E1 (decimal 225)
   defining Unicode char U+00E2 (decimal 226)
   defining Unicode char U+00E3 (decimal 227)
   defining Unicode char U+00E4 (decimal 228)
   defining Unicode char U+00E5 (decimal 229)
   defining Unicode char U+00E6 (decimal 230)
   defining Unicode char U+00E7 (decimal 231)
   defining Unicode char U+00E8 (decimal 232)
   defining Unicode char U+00E9 (decimal 233)
   defining Unicode char U+00EA (decimal 234)
   defining Unicode char U+00EB (decimal 235)
   defining Unicode char U+00EC (decimal 236)
   defining Unicode char U+00ED (decimal 237)
   defining Unicode char U+00EE (decimal 238)
   defining Unicode char U+00EF (decimal 239)
   defining Unicode char U+00F0 (decimal 240)
   defining Unicode char U+00F1 (decimal 241)
   defining Unicode char U+00F2 (decimal 242)
   defining Unicode char U+00F3 (decimal 243)
   defining Unicode char U+00F4 (decimal 244)
   defining Unicode char U+00F5 (decimal 245)
   defining Unicode char U+00F6 (decimal 246)
   defining Unicode char U+00F8 (decimal 248)
   defining Unicode char U+00F9 (decimal 249)
   defining Unicode char U+00FA (decimal 250)
   defining Unicode char U+00FB (decimal 251)
   defining Unicode char U+00FC (decimal 252)
   defining Unicode char U+00FD (decimal 253)
   defining Unicode char U+00FE (decimal 254)
   defining Unicode char U+00FF (decimal 255)
   defining Unicode char U+0102 (decimal 258)
   defining Unicode char U+0103 (decimal 259)
   defining Unicode char U+0104 (decimal 260)
   defining Unicode char U+0105 (decimal 261)
   defining Unicode char U+0106 (decimal 262)
   defining Unicode char U+0107 (decimal 263)
   defining Unicode char U+010C (decimal 268)
   defining Unicode char U+010D (decimal 269)
   defining Unicode char U+010E (decimal 270)
   defining Unicode char U+010F (decimal 271)
   defining Unicode char U+0110 (decimal 272)
   defining Unicode char U+0111 (decimal 273)
   defining Unicode char U+0118 (decimal 280)
   defining Unicode char U+0119 (decimal 281)
   defining Unicode char U+011A (decimal 282)
   defining Unicode char U+011B (decimal 283)
   defining Unicode char U+011E (decimal 286)
   defining Unicode char U+011F (decimal 287)
   defining Unicode char U+0130 (decimal 304)
   defining Unicode char U+0131 (decimal 305)
   defining Unicode char U+0132 (decimal 306)
   defining Unicode char U+0133 (decimal 307)
   defining Unicode char U+0139 (decimal 313)
   defining Unicode char U+013A (decimal 314)
   defining Unicode char U+013D (decimal 317)
   defining Unicode char U+013E (decimal 318)
   defining Unicode char U+0141 (decimal 321)
   defining Unicode char U+0142 (decimal 322)
   defining Unicode char U+0143 (decimal 323)
   defining Unicode char U+0144 (decimal 324)
   defining Unicode char U+0147 (decimal 327)
   defining Unicode char U+0148 (decimal 328)
   defining Unicode char U+014A (decimal 330)
   defining Unicode char U+014B (decimal 331)
   defining Unicode char U+0150 (decimal 336)
   defining Unicode char U+0151 (decimal 337)
   defining Unicode char U+0152 (decimal 338)
   defining Unicode char U+0153 (decimal 339)
   defining Unicode char U+0154 (decimal 340)
   defining Unicode char U+0155 (decimal 341)
   defining Unicode char U+0158 (decimal 344)
   defining Unicode char U+0159 (decimal 345)
   defining Unicode char U+015A (decimal 346)
   defining Unicode char U+015B (decimal 347)
   defining Unicode char U+015E (decimal 350)
   defining Unicode char U+015F (decimal 351)
   defining Unicode char U+0160 (decimal 352)
   defining Unicode char U+0161 (decimal 353)
   defining Unicode char U+0162 (decimal 354)
   defining Unicode char U+0163 (decimal 355)
   defining Unicode char U+0164 (decimal 356)
   defining Unicode char U+0165 (decimal 357)
   defining Unicode char U+016E (decimal 366)
   defining Unicode char U+016F (decimal 367)
   defining Unicode char U+0170 (decimal 368)
   defining Unicode char U+0171 (decimal 369)
   defining Unicode char U+0178 (decimal 376)
   defining Unicode char U+0179 (decimal 377)
   defining Unicode char U+017A (decimal 378)
   defining Unicode char U+017B (decimal 379)
   defining Unicode char U+017C (decimal 380)
   defining Unicode char U+017D (decimal 381)
   defining Unicode char U+017E (decimal 382)
   defining Unicode char U+200C (decimal 8204)
   defining Unicode char U+2013 (decimal 8211)
   defining Unicode char U+2014 (decimal 8212)
   defining Unicode char U+2018 (decimal 8216)
   defining Unicode char U+2019 (decimal 8217)
   defining Unicode char U+201A (decimal 8218)
   defining Unicode char U+201C (decimal 8220)
   defining Unicode char U+201D (decimal 8221)
   defining Unicode char U+201E (decimal 8222)
   defining Unicode char U+2030 (decimal 8240)
   defining Unicode char U+2031 (decimal 8241)
   defining Unicode char U+2039 (decimal 8249)
   defining Unicode char U+203A (decimal 8250)
   defining Unicode char U+2423 (decimal 9251)
)
Now handling font encoding OT1 ...
... processing UTF-8 mapping file for font encoding OT1

(/usr/local/texlive/2015/texmf-dist/tex/latex/base/ot1enc.dfu
File: ot1enc.dfu 2014/09/29 v1.1m UTF-8 support for inputenc
   defining Unicode char U+00A1 (decimal 161)
   defining Unicode char U+00A3 (decimal 163)
   defining Unicode char U+00B8 (decimal 184)
   defining Unicode char U+00BF (decimal 191)
   defining Unicode char U+00C5 (decimal 197)
   defining Unicode char U+00C6 (decimal 198)
   defining Unicode char U+00D8 (decimal 216)
   defining Unicode char U+00DF (decimal 223)
   defining Unicode char U+00E6 (decimal 230)
   defining Unicode char U+00EC (decimal 236)
   defining Unicode char U+00ED (decimal 237)
   defining Unicode char U+00EE (decimal 238)
   defining Unicode char U+00EF (decimal 239)
   defining Unicode char U+00F8 (decimal 248)
   defining Unicode char U+0131 (decimal 305)
   defining Unicode char U+0141 (decimal 321)
   defining Unicode char U+0142 (decimal 322)
   defining Unicode char U+0152 (decimal 338)
   defining Unicode char U+0153 (decimal 339)
   defining Unicode char U+2013 (decimal 8211)
   defining Unicode char U+2014 (decimal 8212)
   defining Unicode char U+2018 (decimal 8216)
   defining Unicode char U+2019 (decimal 8217)
   defining Unicode char U+201C (decimal 8220)
   defining Unicode char U+201D (decimal 8221)
)
Now handling font encoding OMS ...
... processing UTF-8 mapping file for font encoding OMS

(/usr/local/texlive/2015/texmf-dist/tex/latex/base/omsenc.dfu
File: omsenc.dfu 2014/09/29 v1.1m UTF-8 support for inputenc
   defining Unicode char U+00A7 (decimal 167)
   defining Unicode char U+00B6 (decimal 182)
   defining Unicode char U+00B7 (decimal 183)
   defining Unicode char U+2020 (decimal 8224)
   defining Unicode char U+2021 (decimal 8225)
   defining Unicode char U+2022 (decimal 8226)
)
Now handling font encoding OMX ...
... no UTF-8 mapping file for font encoding OMX
Now handling font encoding U ...
... no UTF-8 mapping file for font encoding U
   defining Unicode char U+00A9 (decimal 169)
   defining Unicode char U+00AA (decimal 170)
   defining Unicode char U+00AE (decimal 174)
   defining Unicode char U+00BA (decimal 186)
   defining Unicode char U+02C6 (decimal 710)
   defining Unicode char U+02DC (decimal 732)
   defining Unicode char U+200C (decimal 8204)
   defining Unicode char U+2026 (decimal 8230)
   defining Unicode char U+2122 (decimal 8482)
   defining Unicode char U+2423 (decimal 9251)
))
(/usr/local/texlive/2015/texmf-dist/tex/generic/babel/babel.sty
Package: babel 2014/09/25 3.9l The Babel package

(/usr/local/texlive/2015/texmf-dist/tex/generic/babel-english/english.ldf
Language: english 2012/08/20 v3.3p English support from the babel system

(/usr/local/texlive/2015/texmf-dist/tex/generic/babel/babel.def
File: babel.def 2014/09/25 3.9l Babel common definitions
\babel@savecnt=\count87
\U@D=\dimen103
)
\l@canadian = a dialect from \language\l@american 
\l@australian = a dialect from \language\l@british 
\l@newzealand = a dialect from \language\l@british 
))
(/usr/local/texlive/2015/texmf-dist/tex/latex/amsmath/amsmath.sty
Package: amsmath 2013/01/14 v2.14 AMS math features
\@mathmargin=\skip43

For additional information on amsmath, use the `?' option.
(/usr/local/texlive/2015/texmf-dist/tex/latex/amsmath/amstext.sty
Package: amstext 2000/06/29 v2.01

(/usr/local/texlive/2015/texmf-dist/tex/latex/amsmath/amsgen.sty
File: amsgen.sty 1999/11/30 v2.0
\@emptytoks=\toks16
\ex@=\dimen104
))
(/usr/local/texlive/2015/texmf-dist/tex/latex/amsmath/amsbsy.sty
Package: amsbsy 1999/11/29 v1.2d
\pmbraise@=\dimen105
)
(/usr/local/texlive/2015/texmf-dist/tex/latex/amsmath/amsopn.sty
Package: amsopn 1999/12/14 v2.01 operator names
)
\inf@bad=\count88
LaTeX Info: Redefining \frac on input line 210.
\uproot@=\count89
\leftroot@=\count90
LaTeX Info: Redefining \overline on input line 306.
\classnum@=\count91
\DOTSCASE@=\count92
LaTeX Info: Redefining \ldots on input line 378.
LaTeX Info: Redefining \dots on input line 381.
LaTeX Info: Redefining \cdots on input line 466.
\Mathstrutbox@=\box26
\strutbox@=\box27
\big@size=\dimen106
LaTeX Font Info:    Redeclaring font encoding OML on input line 566.
LaTeX Font Info:    Redeclaring font encoding OMS on input line 567.
\macc@depth=\count93
\c@MaxMatrixCols=\count94
\dotsspace@=\muskip10
\c@parentequation=\count95
\dspbrk@lvl=\count96
\tag@help=\toks17
\row@=\count97
\column@=\count98
\maxfields@=\count99
\andhelp@=\toks18
\eqnshift@=\dimen107
\alignsep@=\dimen108
\tagshift@=\dimen109
\tagwidth@=\dimen110
\totwidth@=\dimen111
\lineht@=\dimen112
\@envbody=\toks19
\multlinegap=\skip44
\multlinetaggap=\skip45
\mathdisplay@stack=\toks20
LaTeX Info: Redefining \[ on input line 2665.
LaTeX Info: Redefining \] on input line 2666.
)
(/usr/local/texlive/2015/texmf-dist/tex/latex/amsfonts/amsfonts.sty
Package: amsfonts 2013/01/14 v3.01 Basic AMSFonts support
\symAMSa=\mathgroup4
\symAMSb=\mathgroup5
LaTeX Font Info:    Overwriting math alphabet `\mathfrak' in version `bold'
(Font)                  U/euf/m/n --> U/euf/b/n on input line 106.
)
(/usr/local/texlive/2015/texmf-dist/tex/latex/amsfonts/amssymb.sty
Package: amssymb 2013/01/14 v3.01 AMS font symbols
)
(/usr/local/texlive/2015/texmf-dist/tex/latex/base/makeidx.sty
Package: makeidx 2014/09/29 v1.0m Standard LaTeX package
)
(/usr/local/texlive/2015/texmf-dist/tex/latex/graphics/graphicx.sty
Package: graphicx 2014/10/28 v1.0g Enhanced LaTeX Graphics (DPC,SPQR)

(/usr/local/texlive/2015/texmf-dist/tex/latex/graphics/keyval.sty
Package: keyval 2014/10/28 v1.15 key=value parser (DPC)
\KV@toks@=\toks21
)
(/usr/local/texlive/2015/texmf-dist/tex/latex/graphics/graphics.sty
Package: graphics 2014/10/28 v1.0p Standard LaTeX Graphics (DPC,SPQR)

(/usr/local/texlive/2015/texmf-dist/tex/latex/graphics/trig.sty
Package: trig 1999/03/16 v1.09 sin cos tan (DPC)
)
(/usr/local/texlive/2015/texmf-dist/tex/latex/latexconfig/graphics.cfg
File: graphics.cfg 2010/04/23 v1.9 graphics configuration of TeX Live
)
Package graphics Info: Driver file: pdftex.def on input line 94.

(/usr/local/texlive/2015/texmf-dist/tex/latex/pdftex-def/pdftex.def
File: pdftex.def 2011/05/27 v0.06d Graphics/color for pdfTeX

(/usr/local/texlive/2015/texmf-dist/tex/generic/oberdiek/infwarerr.sty
Package: infwarerr 2010/04/08 v1.3 Providing info/warning/error messages (HO)
)
(/usr/local/texlive/2015/texmf-dist/tex/generic/oberdiek/ltxcmds.sty
Package: ltxcmds 2011/11/09 v1.22 LaTeX kernel commands for general use (HO)
)
\Gread@gobject=\count100
))
\Gin@req@height=\dimen113
\Gin@req@width=\dimen114
)
(/usr/local/texlive/2015/texmf-dist/tex/latex/geometry/geometry.sty
Package: geometry 2010/09/12 v5.6 Page Geometry

(/usr/local/texlive/2015/texmf-dist/tex/generic/oberdiek/ifpdf.sty
Package: ifpdf 2011/01/30 v2.3 Provides the ifpdf switch (HO)
Package ifpdf Info: pdfTeX in PDF mode is detected.
)
(/usr/local/texlive/2015/texmf-dist/tex/generic/oberdiek/ifvtex.sty
Package: ifvtex 2010/03/01 v1.5 Detect VTeX and its facilities (HO)
Package ifvtex Info: VTeX not detected.
)
(/usr/local/texlive/2015/texmf-dist/tex/generic/ifxetex/ifxetex.sty
Package: ifxetex 2010/09/12 v0.6 Provides ifxetex conditional
)
\Gm@cnth=\count101
\Gm@cntv=\count102
\c@Gm@tempcnt=\count103
\Gm@bindingoffset=\dimen115
\Gm@wd@mp=\dimen116
\Gm@odd@mp=\dimen117
\Gm@even@mp=\dimen118
\Gm@layoutwidth=\dimen119
\Gm@layoutheight=\dimen120
\Gm@layouthoffset=\dimen121
\Gm@layoutvoffset=\dimen122
\Gm@dimlist=\toks22
)
(/usr/local/texlive/2015/texmf-dist/tex/latex/natbib/natbib.sty
Package: natbib 2010/09/13 8.31b (PWD, AO)
\bibhang=\skip46
\bibsep=\skip47
LaTeX Info: Redefining \cite on input line 694.
\c@NAT@ctr=\count104
)
(./BibliographyNotebook.aux)
\openout1 = `BibliographyNotebook.aux'.

LaTeX Font Info:    Checking defaults for OML/cmm/m/it on input line 14.
LaTeX Font Info:    ... okay on input line 14.
LaTeX Font Info:    Checking defaults for T1/cmr/m/n on input line 14.
LaTeX Font Info:    ... okay on input line 14.
LaTeX Font Info:    Checking defaults for OT1/cmr/m/n on input line 14.
LaTeX Font Info:    ... okay on input line 14.
LaTeX Font Info:    Checking defaults for OMS/cmsy/m/n on input line 14.
LaTeX Font Info:    ... okay on input line 14.
LaTeX Font Info:    Checking defaults for OMX/cmex/m/n on input line 14.
LaTeX Font Info:    ... okay on input line 14.
LaTeX Font Info:    Checking defaults for U/cmr/m/n on input line 14.
LaTeX Font Info:    ... okay on input line 14.

(/usr/local/texlive/2015/texmf-dist/tex/context/base/supp-pdf.mkii
[Loading MPS to PDF converter (version 2006.09.02).]
\scratchcounter=\count105
\scratchdimen=\dimen123
\scratchbox=\box28
\nofMPsegments=\count106
\nofMParguments=\count107
\everyMPshowfont=\toks23
\MPscratchCnt=\count108
\MPscratchDim=\dimen124
\MPnumerator=\count109
\makeMPintoPDFobject=\count110
\everyMPtoPDFconversion=\toks24
) (/usr/local/texlive/2015/texmf-dist/tex/generic/oberdiek/pdftexcmds.sty
Package: pdftexcmds 2011/11/29 v0.20 Utility functions of pdfTeX for LuaTeX (HO
)

(/usr/local/texlive/2015/texmf-dist/tex/generic/oberdiek/ifluatex.sty
Package: ifluatex 2010/03/01 v1.3 Provides the ifluatex switch (HO)
Package ifluatex Info: LuaTeX not detected.
)
Package pdftexcmds Info: LuaTeX not detected.
Package pdftexcmds Info: \pdf@primitive is available.
Package pdftexcmds Info: \pdf@ifprimitive is available.
Package pdftexcmds Info: \pdfdraftmode found.
)
(/usr/local/texlive/2015/texmf-dist/tex/latex/oberdiek/epstopdf-base.sty
Package: epstopdf-base 2010/02/09 v2.5 Base part for package epstopdf

(/usr/local/texlive/2015/texmf-dist/tex/latex/oberdiek/grfext.sty
Package: grfext 2010/08/19 v1.1 Manage graphics extensions (HO)

(/usr/local/texlive/2015/texmf-dist/tex/generic/oberdiek/kvdefinekeys.sty
Package: kvdefinekeys 2011/04/07 v1.3 Define keys (HO)
))
(/usr/local/texlive/2015/texmf-dist/tex/latex/oberdiek/kvoptions.sty
Package: kvoptions 2011/06/30 v3.11 Key value format for package options (HO)

(/usr/local/texlive/2015/texmf-dist/tex/generic/oberdiek/kvsetkeys.sty
Package: kvsetkeys 2012/04/25 v1.16 Key value parser (HO)

(/usr/local/texlive/2015/texmf-dist/tex/generic/oberdiek/etexcmds.sty
Package: etexcmds 2011/02/16 v1.5 Avoid name clashes with e-TeX commands (HO)
Package etexcmds Info: Could not find \expanded.
(etexcmds)             That can mean that you are not using pdfTeX 1.50 or
(etexcmds)             that some package has redefined \expanded.
(etexcmds)             In the latter case, load this package earlier.
)))
Package grfext Info: Graphics extension search list:
(grfext)             [.png,.pdf,.jpg,.mps,.jpeg,.jbig2,.jb2,.PNG,.PDF,.JPG,.JPE
G,.JBIG2,.JB2,.eps]
(grfext)             \AppendGraphicsExtensions on input line 452.

(/usr/local/texlive/2015/texmf-dist/tex/latex/latexconfig/epstopdf-sys.cfg
File: epstopdf-sys.cfg 2010/07/13 v1.3 Configuration of (r)epstopdf for TeX Liv
e
))
*geometry* driver: auto-detecting
*geometry* detected driver: pdftex
*geometry* verbose mode - [ preamble ] result:
* driver: pdftex
* paper: a4paper
* layout: <same size as paper>
* layoutoffset:(h,v)=(0.0pt,0.0pt)
* modes: 
* h-part:(L,W,R)=(56.9055pt, 483.69687pt, 56.9055pt)
* v-part:(T,H,B)=(56.9055pt, 731.23584pt, 56.9055pt)
* \paperwidth=597.50787pt
* \paperheight=845.04684pt
* \textwidth=483.69687pt
* \textheight=731.23584pt
* \oddsidemargin=-15.36449pt
* \evensidemargin=-15.36449pt
* \topmargin=-52.36449pt
* \headheight=12.0pt
* \headsep=25.0pt
* \topskip=12.0pt
* \footskip=30.0pt
* \marginparwidth=35.0pt
* \marginparsep=10.0pt
* \columnsep=10.0pt
* \skip\footins=10.8pt plus 4.0pt minus 2.0pt
* \hoffset=0.0pt
* \voffset=0.0pt
* \mag=1000
* \@twocolumnfalse
* \@twosidefalse
* \@mparswitchfalse
* \@reversemarginfalse
* (1in=72.27pt=25.4mm, 1cm=28.453pt)

[1

{/usr/local/texlive/2015/texmf-var/fonts/map/pdftex/updmap/pdftex.map}]
[2] [3] [4] [5] [6] [7]
LaTeX Font Info:    Try loading font information for U+msa on input line 161.

(/usr/local/texlive/2015/texmf-dist/tex/latex/amsfonts/umsa.fd
File: umsa.fd 2013/01/14 v3.01 AMS symbols A
)
LaTeX Font Info:    Try loading font information for U+msb on input line 161.

(/usr/local/texlive/2015/texmf-dist/tex/latex/amsfonts/umsb.fd
File: umsb.fd 2013/01/14 v3.01 AMS symbols B
) [8] [9]
[10] [11] [12] [13] [14] [15] [16] [17] [18] [19] [20]
Overfull \hbox (6.16394pt too wide) in paragraph at lines 414--415
[]\OT1/cmr/bx/n/12 Keywords\OT1/cmr/m/n/12 : Agent-based mod-elling, col-lec-ti
ve im-mune re-sponse, so-cial diet change, pathogen
 []

[21] [22] [23] (./BibliographyNotebook.bbl
Underfull \hbox (badness 10000) in paragraph at lines 10--17
[]\OT1/cmr/m/n/12 Franck Cour-champ, Michel Langlais, and George Sug-i-hara.  C
ats pro-tect-
 []


Underfull \hbox (badness 10000) in paragraph at lines 10--17
\OT1/cmr/m/n/12 ing birds: mod-elling the meso-preda-tor re-lease ef-fect.  \OT
1/cmr/m/it/12 Jour-nal of An-i-mal
 []


Underfull \hbox (badness 7851) in paragraph at lines 10--17
\OT1/cmr/m/it/12 Ecol-ogy\OT1/cmr/m/n/12 , 68(2):282--292, 1999.  doi: 10.1046/
j.1365-2656.1999.00285.x.  URL
 []


Overfull \hbox (50.01712pt too wide) in paragraph at lines 10--17
\OT1/cmtt/m/n/12 https://besjournals.onlinelibrary.wiley.com/doi/abs/10.1046/j.
1365-2656.1999.00285.x\OT1/cmr/m/n/12 . 
 []


Underfull \hbox (badness 10000) in paragraph at lines 20--26
[]\OT1/cmr/m/n/12 Franck Cour-champ, Rosie Woodroffe, and Gary Roe-mer.  Re-mov
-ing pro-
 []


Underfull \hbox (badness 10000) in paragraph at lines 20--26
\OT1/cmr/m/n/12 tected pop-u-la-tions to save en-dan-gered species.  \OT1/cmr/m
/it/12 Sci-ence\OT1/cmr/m/n/12 , 302(5650):1532--
 []


Underfull \hbox (badness 10000) in paragraph at lines 20--26
\OT1/cmr/m/n/12 1532, 2003.  ISSN 0036-8075.  doi: 10.1126/sci-ence.1089492.  U
RL
 []


Underfull \hbox (badness 2181) in paragraph at lines 43--51
\OT1/cmr/m/n/12 Pozo, O. Saro-bidy Rako-tonar-ivo, Steve Red-path, and Nils Bun
-nefeld.  In-te-grat-
 []


Underfull \hbox (badness 1728) in paragraph at lines 43--51
\OT1/cmr/m/n/12 ing con-flict, lob-by-ing, and com-pli-ance to pre-dict the sus
-tain-abil-ity of nat-u-ral re-
 []


Overfull \hbox (74.71713pt too wide) in paragraph at lines 62--69
\OT1/cmtt/m/n/12 https://zslpublications.onlinelibrary.wiley.com/doi/abs/10.111
1/j.1469-1795.2009.00328.x\OT1/cmr/m/n/12 . 
 []


Underfull \hbox (badness 10000) in paragraph at lines 99--106
[]\OT1/cmr/m/n/12 Simon P. Hart, Robert P. Freck-le-ton, and Jonathan M. Levine
.  How
 []


Underfull \hbox (badness 10000) in paragraph at lines 99--106
\OT1/cmr/m/n/12 to quan-tify com-pet-i-tive abil-ity.  \OT1/cmr/m/it/12 Jour-na
l of Ecol-ogy\OT1/cmr/m/n/12 , 106(5):1902--
 []


Underfull \hbox (badness 10000) in paragraph at lines 99--106
\OT1/cmr/m/n/12 1909, 2018.  doi: https://doi.org/10.1111/1365-2745.12954.  URL

 []


Underfull \hbox (badness 10000) in paragraph at lines 108--117
[]\OT1/cmr/m/n/12 Robert D. Holt.  Pre-da-tion, ap-par-ent com-pe-ti-tion, and 
the struc-ture of
 []


Underfull \hbox (badness 10000) in paragraph at lines 108--117
\OT1/cmr/m/n/12 prey com-mu-ni-ties.  \OT1/cmr/m/it/12 The-o-ret-i-cal Pop-u-la
-tion Bi-ol-ogy\OT1/cmr/m/n/12 , 12(2):197 -- 229, 1977.
 []


Underfull \hbox (badness 10000) in paragraph at lines 108--117
\OT1/cmr/m/n/12 ISSN 0040-5809.  doi: https://doi.org/10.1016/0040-5809(77)9004
2-9.  URL
 []

[24]
Underfull \hbox (badness 10000) in paragraph at lines 139--146
[]\OT1/cmr/m/n/12 Jussi Lehto-nen, Samir Okasha, and Heikki Helanter^^?a.  Fift
y years of the
 []


Underfull \hbox (badness 8038) in paragraph at lines 139--146
\OT1/cmr/m/n/12 price equa-tion.  \OT1/cmr/m/it/12 Philo-soph-i-cal Trans-ac-ti
ons of the Royal So-ci-ety B: Bi-o-log-i-
 []


Underfull \hbox (badness 6332) in paragraph at lines 139--146
\OT1/cmr/m/it/12 cal Sci-ences\OT1/cmr/m/n/12 , 375(1797):20190350, 2020.  doi:
 10.1098/rstb.2019.0350.  URL
 []


Underfull \hbox (badness 2970) in paragraph at lines 149--159
[]\OT1/cmr/m/n/12 Caroline C. Ng'weno, Steven W. Buskirk, Nicholas J. Geor-giad
is, Be-nard C. Gi-
 []


Underfull \hbox (badness 2856) in paragraph at lines 149--159
\OT1/cmr/m/n/12 tuku, Al-fred K. Ki-bungei, Lau-ren M. Poren-sky, Daniel I. Rub
en-stein, and Ja-
 []


Underfull \hbox (badness 3209) in paragraph at lines 149--159
\OT1/cmr/m/n/12 cob R. Go-heen.  Ap-par-ent com-pe-ti-tion, lion pre-da-tion, a
nd man-aged live-stock
 []


Underfull \hbox (badness 1708) in paragraph at lines 149--159
\OT1/cmr/m/n/12 graz-ing: Can con-ser-va-tion value be en-hanced?  \OT1/cmr/m/i
t/12 Fron-tiers in Ecol-ogy and Evo-
 []


Underfull \hbox (badness 3826) in paragraph at lines 149--159
\OT1/cmr/m/it/12 lu-tion\OT1/cmr/m/n/12 , 7:123, 2019.  ISSN 2296-701X.  doi: 1
0.3389/fevo.2019.00123.  URL
 []


Underfull \hbox (badness 10000) in paragraph at lines 162--169
[]\OT1/cmr/m/n/12 Matthew Oliver, Juan Jos^^Se Luque-Larena, and Xavier Lam-bin
.  Do rab-
 []


Underfull \hbox (badness 10000) in paragraph at lines 162--169
\OT1/cmr/m/n/12 bits eat voles? ap-par-ent com-pe-ti-tion, habi-tat het-ero-gen
e-ity and large-
 []


Underfull \hbox (badness 10000) in paragraph at lines 162--169
\OT1/cmr/m/n/12 scale co-ex-is-tence un-der mink pre-da-tion.  \OT1/cmr/m/it/12
 Ecol-ogy Let-ters\OT1/cmr/m/n/12 , 12(11):1201--
 []


Underfull \hbox (badness 10000) in paragraph at lines 162--169
\OT1/cmr/m/n/12 1209, 2009.  doi: https://doi.org/10.1111/j.1461-0248.2009.0137
5.x.  URL
 []


Underfull \hbox (badness 4726) in paragraph at lines 180--190
[]\OT1/cmr/m/n/12 Laure-Anne Pois-son-nier, Math-ieu Li-horeau, Tamara Gomez-Mo
racho, Au-drey Dus-
 []


Underfull \hbox (badness 2837) in paragraph at lines 180--190
\OT1/cmr/m/n/12 su-tour, and Jerome Buhl.  A the-o-ret-i-cal ex-plo-ration of d
i-etary col-lec-tive med-
 []


Underfull \hbox (badness 5862) in paragraph at lines 180--190
\OT1/cmr/m/n/12 i-ca-tion in so-cial in-sects.  \OT1/cmr/m/it/12 Jour-nal of In
-sect Phys-i-ol-ogy\OT1/cmr/m/n/12 , 106:78 -- 87, 2018.
 []


Underfull \hbox (badness 10000) in paragraph at lines 180--190
\OT1/cmr/m/n/12 ISSN 0022-1910.  doi: https://doi.org/10.1016/j.jinsphys.2017.0
8.005.  URL
 []


Underfull \hbox (badness 3780) in paragraph at lines 193--202
[]\OT1/cmr/m/n/12 Roc^^S^^Po A. Pozo, Eric G. LeFlore, A. Bradley Duthie, Nils 
Bun-nefeld, Is-abel L.
 []


Underfull \hbox (badness 10000) in paragraph at lines 193--202
\OT1/cmr/m/n/12 Jones, Jeroen Min-der-man, O. Saro-bidy Rako-tonar-ivo, and Jer
emy J. Cu-
 []


Underfull \hbox (badness 2961) in paragraph at lines 193--202
\OT1/cmr/m/n/12 sack.  A mul-ti-species as-sess-ment of wildlife im-pacts on lo
-cal com-mu-nity liveli-
 []


Underfull \hbox (badness 2035) in paragraph at lines 193--202
\OT1/cmr/m/n/12 hoods.  \OT1/cmr/m/it/12 Con-ser-va-tion Bi-ol-ogy\OT1/cmr/m/n/
12 , n/a(n/a), 2020.  doi: 10.1111/cobi.13565.  URL
 []


Underfull \hbox (badness 10000) in paragraph at lines 214--221
[]\OT1/cmr/m/n/12 Daniel Sim-berloff.  How much in-for-ma-tion on pop-u-la-tion
 bi-ol-ogy is
 []


Underfull \hbox (badness 10000) in paragraph at lines 214--221
\OT1/cmr/m/n/12 needed to man-age in-tro-duced species?  \OT1/cmr/m/it/12 Con-s
er-va-tion Bi-ol-ogy\OT1/cmr/m/n/12 , 17
 []


Underfull \hbox (badness 10000) in paragraph at lines 214--221
\OT1/cmr/m/n/12 (1):83--92, 2003.  doi: 10.1046/j.1523-1739.2003.02028.x.  URL
 []


Overfull \hbox (19.1421pt too wide) in paragraph at lines 214--221
\OT1/cmtt/m/n/12 https://conbio.onlinelibrary.wiley.com/doi/abs/10.1046/j.1523-
1739.2003.02028.x\OT1/cmr/m/n/12 . 
 []


Underfull \hbox (badness 7685) in paragraph at lines 223--231
[]\OT1/cmr/m/n/12 Janusz Uchma^^Snski and Volker Grimm.  Individual-based mod-e
lling in ecol-ogy:
 []


Underfull \hbox (badness 2269) in paragraph at lines 223--231
\OT1/cmr/m/n/12 what makes the dif-fer-ence?  \OT1/cmr/m/it/12 Trends in Ecol-o
gy and Evo-lu-tion\OT1/cmr/m/n/12 , 11(10):437--441,
 []


Underfull \hbox (badness 1308) in paragraph at lines 223--231
\OT1/cmr/m/n/12 1996.  ISSN 0169-5347.  doi: https://doi.org/10.1016/0169-5347(
96)20091-6.  URL
 []

[25]
Underfull \hbox (badness 1466) in paragraph at lines 234--244
[]\OT1/cmr/m/n/12 Hilde Karine Wam, Nils Bun-nefeld, Nicholas Clarke, and Ole H
of-s-tad.  Con-flict-ing
 []


Underfull \hbox (badness 1715) in paragraph at lines 234--244
\OT1/cmr/m/n/12 in-ter-ests of ecosys-tem ser-vices: Multi-criteria mod-elling 
and in-di-rect eval-u-a-tion of
 []


Underfull \hbox (badness 1454) in paragraph at lines 234--244
\OT1/cmr/m/n/12 trade-offs be-tween mon-e-tary and non-monetary mea-sures.  \OT
1/cmr/m/it/12 Ecosys-tem Ser-vices\OT1/cmr/m/n/12 , 22:
 []


Underfull \hbox (badness 1342) in paragraph at lines 234--244
\OT1/cmr/m/n/12 280--288, 2016.  ISSN 2212-0416.  doi: https://doi.org/10.1016/
j.ecoser.2016.10.003.
 []


Underfull \hbox (badness 3271) in paragraph at lines 247--254
\OT1/cmr/m/n/12 MAR-SHALL.  Con-ser-va-tion strate-gies for species af-fected b
y ap-par-ent com-pe-ti-
 []


Underfull \hbox (badness 1028) in paragraph at lines 247--254
\OT1/cmr/m/n/12 tion.  \OT1/cmr/m/it/12 Con-ser-va-tion Bi-ol-ogy\OT1/cmr/m/n/1
2 , 27(2):254--260, 2013.  doi: 10.1111/cobi.12005.  URL
 []


Underfull \hbox (badness 10000) in paragraph at lines 256--263
[]\OT1/cmr/m/n/12 Chung-Huey Wu, Aaron J. Dodd, Cindy E. Hauser, and Michael A.
 Mc-
 []


Underfull \hbox (badness 10000) in paragraph at lines 256--263
\OT1/cmr/m/n/12 Carthy.  Re-al-lo-cat-ing bud-gets among on-go-ing and emerg-in
g con-ser-va-tion
 []


Underfull \hbox (badness 10000) in paragraph at lines 256--263
\OT1/cmr/m/n/12 projects.  \OT1/cmr/m/it/12 Con-ser-va-tion Bi-ol-ogy\OT1/cmr/m
/n/12 , 2020.  doi: 10.1111/cobi.13585.  URL
 []

) [26] (./BibliographyNotebook.aux) ) 
Here is how much of TeX's memory you used:
 3887 strings out of 493089
 51934 string characters out of 6134842
 129867 words of memory out of 5000000
 7299 multiletter control sequences out of 15000+600000
 10319 words of font info for 39 fonts, out of 8000000 for 9000
 1141 hyphenation exceptions out of 8191
 38i,4n,24p,1844b,257s stack positions out of 5000i,500n,10000p,200000b,80000s
</usr/local/texlive/2015/texmf-dist/fonts/
type1/public/amsfonts/cm/cmbx12.pfb></usr/local/texlive/2015/texmf-dist/fonts/t
ype1/public/amsfonts/cm/cmmi12.pfb></usr/local/texlive/2015/texmf-dist/fonts/ty
pe1/public/amsfonts/cm/cmr12.pfb></usr/local/texlive/2015/texmf-dist/fonts/type
1/public/amsfonts/cm/cmti12.pfb></usr/local/texlive/2015/texmf-dist/fonts/type1
/public/amsfonts/cm/cmtt12.pfb>
Output written on BibliographyNotebook.pdf (26 pages, 118185 bytes).
PDF statistics:
 108 PDF objects out of 1000 (max. 8388607)
 74 compressed objects within 1 object stream
 0 named destinations out of 1000 (max. 500000)
 1 words of extra memory for PDF output out of 10000 (max. 10000000)

